2019-04-11 11:32:07.164 |-INFO  [restartedMain] com.mongo.MongoStart [50] [ LOGID: ]-| Starting MongoStart on jimmyMacBook-Pro.local with PID 8931 (/Users/zhoucheng/tutorial_space/tutorial_all_/tutorial_mongodb/target/classes started by zhoucheng in /Users/zhoucheng/tutorial_space/tutorial_all_)
2019-04-11 11:32:07.171 |-INFO  [restartedMain] com.mongo.MongoStart [679] [ LOGID: ]-| The following profiles are active: dev
2019-04-11 11:32:07.745 |-INFO  [restartedMain] org.springframework.data.repository.config.RepositoryConfigurationDelegate [126] [ LOGID: ]-| Bootstrapping Spring Data repositories in DEFERRED mode.
2019-04-11 11:32:07.764 |-INFO  [restartedMain] org.springframework.data.repository.config.RepositoryConfigurationDelegate [182] [ LOGID: ]-| Finished Spring Data repository scanning in 10ms. Found 0 repository interfaces.
2019-04-11 11:32:08.005 |-INFO  [restartedMain] org.springframework.context.support.PostProcessorRegistrationDelegate$BeanPostProcessorChecker [330] [ LOGID: ]-| Bean 'org.springframework.transaction.annotation.ProxyTransactionManagementConfiguration' of type [org.springframework.transaction.annotation.ProxyTransactionManagementConfiguration$$EnhancerBySpringCGLIB$$940b1586] is not eligible for getting processed by all BeanPostProcessors (for example: not eligible for auto-proxying)
2019-04-11 11:32:08.392 |-INFO  [restartedMain] org.springframework.boot.web.embedded.tomcat.TomcatWebServer [90] [ LOGID: ]-| Tomcat initialized with port(s): 8080 (http)
2019-04-11 11:32:08.409 |-INFO  [restartedMain] org.apache.coyote.http11.Http11NioProtocol [173] [ LOGID: ]-| Initializing ProtocolHandler ["http-nio-8080"]
2019-04-11 11:32:08.421 |-INFO  [restartedMain] org.apache.catalina.core.StandardService [173] [ LOGID: ]-| Starting service [Tomcat]
2019-04-11 11:32:08.422 |-INFO  [restartedMain] org.apache.catalina.core.StandardEngine [173] [ LOGID: ]-| Starting Servlet engine: [Apache Tomcat/9.0.16]
2019-04-11 11:32:08.431 |-INFO  [restartedMain] org.apache.catalina.core.AprLifecycleListener [173] [ LOGID: ]-| The APR based Apache Tomcat Native library which allows optimal performance in production environments was not found on the java.library.path: [/Users/zhoucheng/Library/Java/Extensions:/Library/Java/Extensions:/Network/Library/Java/Extensions:/System/Library/Java/Extensions:/usr/lib/java:.]
2019-04-11 11:32:08.557 |-INFO  [restartedMain] org.apache.catalina.core.ContainerBase.[Tomcat].[localhost].[/] [173] [ LOGID: ]-| Initializing Spring embedded WebApplicationContext
2019-04-11 11:32:08.557 |-INFO  [restartedMain] org.springframework.web.context.ContextLoader [296] [ LOGID: ]-| Root WebApplicationContext: initialization completed in 1307 ms
2019-04-11 11:32:08.792 |-INFO  [restartedMain] org.springframework.scheduling.concurrent.ThreadPoolTaskExecutor [171] [ LOGID: ]-| Initializing ExecutorService 'applicationTaskExecutor'
2019-04-11 11:32:08.839 |-INFO  [task-1] org.hibernate.jpa.internal.util.LogHelper [31] [ LOGID: ]-| HHH000204: Processing PersistenceUnitInfo [
	name: default
	...]
2019-04-11 11:32:08.900 |-INFO  [task-1] org.hibernate.Version [46] [ LOGID: ]-| HHH000412: Hibernate Core {5.3.7.Final}
2019-04-11 11:32:08.902 |-INFO  [task-1] org.hibernate.cfg.Environment [213] [ LOGID: ]-| HHH000206: hibernate.properties not found
2019-04-11 11:32:09.036 |-INFO  [task-1] org.hibernate.annotations.common.Version [49] [ LOGID: ]-| HCANN000001: Hibernate Commons Annotations {5.0.4.Final}
2019-04-11 11:32:09.056 |-WARN  [restartedMain] org.springframework.boot.autoconfigure.orm.jpa.JpaBaseConfiguration$JpaWebConfiguration$JpaWebMvcConfiguration [236] [ LOGID: ]-| spring.jpa.open-in-view is enabled by default. Therefore, database queries may be performed during view rendering. Explicitly configure spring.jpa.open-in-view to disable this warning
2019-04-11 11:32:09.136 |-INFO  [task-1] com.zaxxer.hikari.HikariDataSource [110] [ LOGID: ]-| TUTORIAL-POOL - Starting...
2019-04-11 11:32:09.225 |-INFO  [restartedMain] org.springframework.boot.devtools.autoconfigure.OptionalLiveReloadServer [57] [ LOGID: ]-| LiveReload server is running on port 35729
2019-04-11 11:32:09.247 |-INFO  [restartedMain] org.springframework.data.repository.config.DeferredRepositoryInitializationListener [49] [ LOGID: ]-| Triggering deferred initialization of Spring Data repositories…
2019-04-11 11:32:09.249 |-INFO  [restartedMain] org.springframework.data.repository.config.DeferredRepositoryInitializationListener [53] [ LOGID: ]-| Spring Data repositories initialized!
2019-04-11 11:32:09.260 |-INFO  [restartedMain] org.apache.coyote.http11.Http11NioProtocol [173] [ LOGID: ]-| Starting ProtocolHandler ["http-nio-8080"]
2019-04-11 11:32:09.290 |-INFO  [restartedMain] org.springframework.boot.web.embedded.tomcat.TomcatWebServer [204] [ LOGID: ]-| Tomcat started on port(s): 8080 (http) with context path ''
2019-04-11 11:32:09.295 |-INFO  [restartedMain] com.mongo.MongoStart [59] [ LOGID: ]-| Started MongoStart in 2.455 seconds (JVM running for 3.958)
2019-04-11 11:32:09.425 |-INFO  [task-1] com.zaxxer.hikari.HikariDataSource [123] [ LOGID: ]-| TUTORIAL-POOL - Start completed.
2019-04-11 11:32:09.442 |-INFO  [task-1] org.hibernate.dialect.Dialect [157] [ LOGID: ]-| HHH000400: Using dialect: org.hibernate.dialect.MySQL5Dialect
2019-04-11 11:32:09.694 |-INFO  [task-1] org.springframework.orm.jpa.LocalContainerEntityManagerFactoryBean [415] [ LOGID: ]-| Initialized JPA EntityManagerFactory for persistence unit 'default'
2019-04-11 11:32:43.000 |-INFO  [http-nio-8080-exec-1] org.apache.catalina.core.ContainerBase.[Tomcat].[localhost].[/] [173] [ LOGID: ]-| Initializing Spring DispatcherServlet 'dispatcherServlet'
2019-04-11 11:32:43.001 |-INFO  [http-nio-8080-exec-1] org.springframework.web.servlet.DispatcherServlet [524] [ LOGID: ]-| Initializing Servlet 'dispatcherServlet'
2019-04-11 11:32:43.008 |-INFO  [http-nio-8080-exec-1] org.springframework.web.servlet.DispatcherServlet [546] [ LOGID: ]-| Completed initialization in 7 ms
2019-04-11 11:35:32.637 |-INFO  [Thread-15] org.springframework.orm.jpa.LocalContainerEntityManagerFactoryBean [597] [ LOGID: ]-| Closing JPA EntityManagerFactory for persistence unit 'default'
2019-04-11 11:35:32.639 |-INFO  [Thread-15] org.springframework.scheduling.concurrent.ThreadPoolTaskExecutor [208] [ LOGID: ]-| Shutting down ExecutorService 'applicationTaskExecutor'
2019-04-11 11:35:32.641 |-INFO  [Thread-15] com.zaxxer.hikari.HikariDataSource [350] [ LOGID: ]-| TUTORIAL-POOL - Shutdown initiated...
2019-04-11 11:35:32.644 |-INFO  [Thread-15] com.zaxxer.hikari.HikariDataSource [352] [ LOGID: ]-| TUTORIAL-POOL - Shutdown completed.
